<?xml version="1.0" encoding="UTF-8"?>
<testsuite xmlns:xsi="http://www.w3.org/2001/XMLSchema-instance" xsi:noNamespaceSchemaLocation="https://maven.apache.org/surefire/maven-surefire-plugin/xsd/surefire-test-report-3.0.xsd" version="3.0" name="org.eureka.server.AppTest" time="0.069" tests="1" errors="0" skipped="0" failures="0">
  <properties>
    <property name="java.specification.version" value="17"/>
    <property name="sun.jnu.encoding" value="UTF-8"/>
    <property name="java.class.path" value="/home/labuser/Demo/TCSKart/eureka-server/target/test-classes:/home/labuser/Demo/TCSKart/eureka-server/target/classes:/home/labuser/.m2/repository/org/springframework/cloud/spring-cloud-starter-netflix-eureka-server/4.0.3/spring-cloud-starter-netflix-eureka-server-4.0.3.jar:/home/labuser/.m2/repository/org/springframework/cloud/spring-cloud-starter/4.0.4/spring-cloud-starter-4.0.4.jar:/home/labuser/.m2/repository/org/springframework/cloud/spring-cloud-context/4.0.4/spring-cloud-context-4.0.4.jar:/home/labuser/.m2/repository/org/springframework/security/spring-security-crypto/6.1.7/spring-security-crypto-6.1.7.jar:/home/labuser/.m2/repository/org/springframework/cloud/spring-cloud-commons/4.0.4/spring-cloud-commons-4.0.4.jar:/home/labuser/.m2/repository/org/springframework/security/spring-security-rsa/1.0.12.RELEASE/spring-security-rsa-1.0.12.RELEASE.jar:/home/labuser/.m2/repository/org/bouncycastle/bcpkix-jdk18on/1.73/bcpkix-jdk18on-1.73.jar:/home/labuser/.m2/repository/org/bouncycastle/bcprov-jdk18on/1.73/bcprov-jdk18on-1.73.jar:/home/labuser/.m2/repository/org/bouncycastle/bcutil-jdk18on/1.73/bcutil-jdk18on-1.73.jar:/home/labuser/.m2/repository/org/springframework/cloud/spring-cloud-netflix-eureka-server/4.0.3/spring-cloud-netflix-eureka-server-4.0.3.jar:/home/labuser/.m2/repository/org/springframework/boot/spring-boot-starter-web/3.1.9/spring-boot-starter-web-3.1.9.jar:/home/labuser/.m2/repository/org/springframework/boot/spring-boot-starter-json/3.1.9/spring-boot-starter-json-3.1.9.jar:/home/labuser/.m2/repository/com/fasterxml/jackson/datatype/jackson-datatype-jdk8/2.15.4/jackson-datatype-jdk8-2.15.4.jar:/home/labuser/.m2/repository/com/fasterxml/jackson/datatype/jackson-datatype-jsr310/2.15.4/jackson-datatype-jsr310-2.15.4.jar:/home/labuser/.m2/repository/com/fasterxml/jackson/module/jackson-module-parameter-names/2.15.4/jackson-module-parameter-names-2.15.4.jar:/home/labuser/.m2/repository/org/springframework/boot/spring-boot-starter-tomcat/3.1.9/spring-boot-starter-tomcat-3.1.9.jar:/home/labuser/.m2/repository/org/apache/tomcat/embed/tomcat-embed-core/10.1.19/tomcat-embed-core-10.1.19.jar:/home/labuser/.m2/repository/org/apache/tomcat/embed/tomcat-embed-el/10.1.19/tomcat-embed-el-10.1.19.jar:/home/labuser/.m2/repository/org/apache/tomcat/embed/tomcat-embed-websocket/10.1.19/tomcat-embed-websocket-10.1.19.jar:/home/labuser/.m2/repository/org/springframework/spring-web/6.0.17/spring-web-6.0.17.jar:/home/labuser/.m2/repository/org/springframework/spring-webmvc/6.0.17/spring-webmvc-6.0.17.jar:/home/labuser/.m2/repository/org/springframework/boot/spring-boot-starter-actuator/3.1.9/spring-boot-starter-actuator-3.1.9.jar:/home/labuser/.m2/repository/org/springframework/boot/spring-boot-actuator-autoconfigure/3.1.9/spring-boot-actuator-autoconfigure-3.1.9.jar:/home/labuser/.m2/repository/org/springframework/boot/spring-boot-actuator/3.1.9/spring-boot-actuator-3.1.9.jar:/home/labuser/.m2/repository/io/micrometer/micrometer-observation/1.11.9/micrometer-observation-1.11.9.jar:/home/labuser/.m2/repository/io/micrometer/micrometer-commons/1.11.9/micrometer-commons-1.11.9.jar:/home/labuser/.m2/repository/io/micrometer/micrometer-core/1.11.9/micrometer-core-1.11.9.jar:/home/labuser/.m2/repository/org/hdrhistogram/HdrHistogram/2.1.12/HdrHistogram-2.1.12.jar:/home/labuser/.m2/repository/org/latencyutils/LatencyUtils/2.0.3/LatencyUtils-2.0.3.jar:/home/labuser/.m2/repository/org/springframework/boot/spring-boot-starter-freemarker/3.1.9/spring-boot-starter-freemarker-3.1.9.jar:/home/labuser/.m2/repository/org/freemarker/freemarker/2.3.32/freemarker-2.3.32.jar:/home/labuser/.m2/repository/org/springframework/spring-context-support/6.0.17/spring-context-support-6.0.17.jar:/home/labuser/.m2/repository/org/springframework/cloud/spring-cloud-netflix-eureka-client/4.0.3/spring-cloud-netflix-eureka-client-4.0.3.jar:/home/labuser/.m2/repository/com/netflix/eureka/eureka-client/2.0.1/eureka-client-2.0.1.jar:/home/labuser/.m2/repository/com/netflix/netflix-commons/netflix-eventbus/0.3.0/netflix-eventbus-0.3.0.jar:/home/labuser/.m2/repository/com/netflix/netflix-commons/netflix-infix/0.3.0/netflix-infix-0.3.0.jar:/home/labuser/.m2/repository/commons-jxpath/commons-jxpath/1.3/commons-jxpath-1.3.jar:/home/labuser/.m2/repository/joda-time/joda-time/2.3/joda-time-2.3.jar:/home/labuser/.m2/repository/org/antlr/antlr-runtime/3.4/antlr-runtime-3.4.jar:/home/labuser/.m2/repository/org/antlr/stringtemplate/3.2.1/stringtemplate-3.2.1.jar:/home/labuser/.m2/repository/antlr/antlr/2.7.7/antlr-2.7.7.jar:/home/labuser/.m2/repository/com/google/code/gson/gson/2.10.1/gson-2.10.1.jar:/home/labuser/.m2/repository/org/apache/commons/commons-math/2.2/commons-math-2.2.jar:/home/labuser/.m2/repository/com/thoughtworks/xstream/xstream/1.4.19/xstream-1.4.19.jar:/home/labuser/.m2/repository/io/github/x-stream/mxparser/1.2.2/mxparser-1.2.2.jar:/home/labuser/.m2/repository/xmlpull/xmlpull/1.1.3.1/xmlpull-1.1.3.1.jar:/home/labuser/.m2/repository/com/netflix/servo/servo-core/0.12.21/servo-core-0.12.21.jar:/home/labuser/.m2/repository/com/google/guava/guava/19.0/guava-19.0.jar:/home/labuser/.m2/repository/org/apache/httpcomponents/httpclient/4.5.3/httpclient-4.5.3.jar:/home/labuser/.m2/repository/org/apache/httpcomponents/httpcore/4.4.16/httpcore-4.4.16.jar:/home/labuser/.m2/repository/commons-codec/commons-codec/1.15/commons-codec-1.15.jar:/home/labuser/.m2/repository/commons-configuration/commons-configuration/1.10/commons-configuration-1.10.jar:/home/labuser/.m2/repository/commons-lang/commons-lang/2.6/commons-lang-2.6.jar:/home/labuser/.m2/repository/org/codehaus/jettison/jettison/1.4.0/jettison-1.4.0.jar:/home/labuser/.m2/repository/org/apache/httpcomponents/client5/httpclient5/5.2.3/httpclient5-5.2.3.jar:/home/labuser/.m2/repository/org/apache/httpcomponents/core5/httpcore5/5.2.4/httpcore5-5.2.4.jar:/home/labuser/.m2/repository/org/apache/httpcomponents/core5/httpcore5-h2/5.2.4/httpcore5-h2-5.2.4.jar:/home/labuser/.m2/repository/com/netflix/eureka/eureka-client-jersey3/2.0.1/eureka-client-jersey3-2.0.1.jar:/home/labuser/.m2/repository/org/glassfish/jersey/connectors/jersey-apache-connector/3.1.5/jersey-apache-connector-3.1.5.jar:/home/labuser/.m2/repository/com/netflix/eureka/eureka-core-jersey3/2.0.1/eureka-core-jersey3-2.0.1.jar:/home/labuser/.m2/repository/com/netflix/eureka/eureka-core/2.0.1/eureka-core-2.0.1.jar:/home/labuser/.m2/repository/jakarta/servlet/jakarta.servlet-api/6.0.0/jakarta.servlet-api-6.0.0.jar:/home/labuser/.m2/repository/org/glassfish/jersey/containers/jersey-container-servlet/3.1.5/jersey-container-servlet-3.1.5.jar:/home/labuser/.m2/repository/org/glassfish/jersey/containers/jersey-container-servlet-core/3.1.5/jersey-container-servlet-core-3.1.5.jar:/home/labuser/.m2/repository/org/glassfish/jersey/core/jersey-common/3.1.5/jersey-common-3.1.5.jar:/home/labuser/.m2/repository/org/glassfish/hk2/osgi-resource-locator/1.0.3/osgi-resource-locator-1.0.3.jar:/home/labuser/.m2/repository/jakarta/ws/rs/jakarta.ws.rs-api/3.1.0/jakarta.ws.rs-api-3.1.0.jar:/home/labuser/.m2/repository/org/glassfish/jersey/core/jersey-server/3.1.5/jersey-server-3.1.5.jar:/home/labuser/.m2/repository/jakarta/validation/jakarta.validation-api/3.0.2/jakarta.validation-api-3.0.2.jar:/home/labuser/.m2/repository/org/glassfish/jersey/core/jersey-client/3.1.5/jersey-client-3.1.5.jar:/home/labuser/.m2/repository/org/glassfish/jersey/inject/jersey-hk2/3.1.5/jersey-hk2-3.1.5.jar:/home/labuser/.m2/repository/org/glassfish/hk2/hk2-locator/3.0.5/hk2-locator-3.0.5.jar:/home/labuser/.m2/repository/org/glassfish/hk2/external/aopalliance-repackaged/3.0.5/aopalliance-repackaged-3.0.5.jar:/home/labuser/.m2/repository/org/glassfish/hk2/hk2-utils/3.0.5/hk2-utils-3.0.5.jar:/home/labuser/.m2/repository/org/javassist/javassist/3.29.2-GA/javassist-3.29.2-GA.jar:/home/labuser/.m2/repository/org/glassfish/hk2/spring-bridge/3.0.3/spring-bridge-3.0.3.jar:/home/labuser/.m2/repository/org/glassfish/hk2/hk2-api/3.0.3/hk2-api-3.0.3.jar:/home/labuser/.m2/repository/jakarta/inject/jakarta.inject-api/2.0.1/jakarta.inject-api-2.0.1.jar:/home/labuser/.m2/repository/com/fasterxml/jackson/dataformat/jackson-dataformat-xml/2.15.4/jackson-dataformat-xml-2.15.4.jar:/home/labuser/.m2/repository/com/fasterxml/jackson/core/jackson-core/2.15.4/jackson-core-2.15.4.jar:/home/labuser/.m2/repository/com/fasterxml/jackson/core/jackson-annotations/2.15.4/jackson-annotations-2.15.4.jar:/home/labuser/.m2/repository/com/fasterxml/jackson/core/jackson-databind/2.15.4/jackson-databind-2.15.4.jar:/home/labuser/.m2/repository/org/codehaus/woodstox/stax2-api/4.2.1/stax2-api-4.2.1.jar:/home/labuser/.m2/repository/com/fasterxml/woodstox/woodstox-core/6.5.1/woodstox-core-6.5.1.jar:/home/labuser/.m2/repository/org/springframework/cloud/spring-cloud-starter-loadbalancer/4.0.4/spring-cloud-starter-loadbalancer-4.0.4.jar:/home/labuser/.m2/repository/org/springframework/cloud/spring-cloud-loadbalancer/4.0.4/spring-cloud-loadbalancer-4.0.4.jar:/home/labuser/.m2/repository/io/projectreactor/reactor-core/3.5.14/reactor-core-3.5.14.jar:/home/labuser/.m2/repository/org/reactivestreams/reactive-streams/1.0.4/reactive-streams-1.0.4.jar:/home/labuser/.m2/repository/io/projectreactor/addons/reactor-extra/3.5.1/reactor-extra-3.5.1.jar:/home/labuser/.m2/repository/org/springframework/boot/spring-boot-starter-cache/3.1.9/spring-boot-starter-cache-3.1.9.jar:/home/labuser/.m2/repository/com/stoyanr/evictor/1.0.0/evictor-1.0.0.jar:/home/labuser/.m2/repository/org/glassfish/jaxb/jaxb-runtime/4.0.4/jaxb-runtime-4.0.4.jar:/home/labuser/.m2/repository/org/glassfish/jaxb/jaxb-core/4.0.4/jaxb-core-4.0.4.jar:/home/labuser/.m2/repository/jakarta/xml/bind/jakarta.xml.bind-api/4.0.1/jakarta.xml.bind-api-4.0.1.jar:/home/labuser/.m2/repository/jakarta/activation/jakarta.activation-api/2.1.2/jakarta.activation-api-2.1.2.jar:/home/labuser/.m2/repository/org/eclipse/angus/angus-activation/2.0.1/angus-activation-2.0.1.jar:/home/labuser/.m2/repository/org/glassfish/jaxb/txw2/4.0.4/txw2-4.0.4.jar:/home/labuser/.m2/repository/com/sun/istack/istack-commons-runtime/4.1.2/istack-commons-runtime-4.1.2.jar:/home/labuser/.m2/repository/org/springframework/boot/spring-boot-starter/3.1.9/spring-boot-starter-3.1.9.jar:/home/labuser/.m2/repository/org/springframework/boot/spring-boot/3.1.9/spring-boot-3.1.9.jar:/home/labuser/.m2/repository/org/springframework/spring-context/6.0.17/spring-context-6.0.17.jar:/home/labuser/.m2/repository/org/springframework/spring-aop/6.0.17/spring-aop-6.0.17.jar:/home/labuser/.m2/repository/org/springframework/spring-beans/6.0.17/spring-beans-6.0.17.jar:/home/labuser/.m2/repository/org/springframework/spring-expression/6.0.17/spring-expression-6.0.17.jar:/home/labuser/.m2/repository/org/springframework/boot/spring-boot-autoconfigure/3.1.9/spring-boot-autoconfigure-3.1.9.jar:/home/labuser/.m2/repository/org/springframework/boot/spring-boot-starter-logging/3.1.9/spring-boot-starter-logging-3.1.9.jar:/home/labuser/.m2/repository/ch/qos/logback/logback-classic/1.4.14/logback-classic-1.4.14.jar:/home/labuser/.m2/repository/ch/qos/logback/logback-core/1.4.14/logback-core-1.4.14.jar:/home/labuser/.m2/repository/org/slf4j/slf4j-api/2.0.12/slf4j-api-2.0.12.jar:/home/labuser/.m2/repository/org/apache/logging/log4j/log4j-to-slf4j/2.20.0/log4j-to-slf4j-2.20.0.jar:/home/labuser/.m2/repository/org/apache/logging/log4j/log4j-api/2.20.0/log4j-api-2.20.0.jar:/home/labuser/.m2/repository/org/slf4j/jul-to-slf4j/2.0.12/jul-to-slf4j-2.0.12.jar:/home/labuser/.m2/repository/jakarta/annotation/jakarta.annotation-api/2.1.1/jakarta.annotation-api-2.1.1.jar:/home/labuser/.m2/repository/org/springframework/spring-core/6.0.17/spring-core-6.0.17.jar:/home/labuser/.m2/repository/org/springframework/spring-jcl/6.0.17/spring-jcl-6.0.17.jar:/home/labuser/.m2/repository/org/yaml/snakeyaml/1.33/snakeyaml-1.33.jar:/home/labuser/.m2/repository/junit/junit/3.8.1/junit-3.8.1.jar:"/>
    <property name="java.vm.vendor" value="Ubuntu"/>
    <property name="sun.arch.data.model" value="64"/>
    <property name="java.vendor.url" value="https://ubuntu.com/"/>
    <property name="os.name" value="Linux"/>
    <property name="java.vm.specification.version" value="17"/>
    <property name="sun.java.launcher" value="SUN_STANDARD"/>
    <property name="sun.boot.library.path" value="/usr/lib/jvm/java-17-openjdk-amd64/lib"/>
    <property name="sun.java.command" value="/home/labuser/Demo/TCSKart/eureka-server/target/surefire/surefirebooter-20250701104718096_3.jar /home/labuser/Demo/TCSKart/eureka-server/target/surefire 2025-07-01T10-47-17_939-jvmRun1 surefire-20250701104718096_1tmp surefire_0-20250701104718096_2tmp"/>
    <property name="jdk.debug" value="release"/>
    <property name="surefire.test.class.path" value="/home/labuser/Demo/TCSKart/eureka-server/target/test-classes:/home/labuser/Demo/TCSKart/eureka-server/target/classes:/home/labuser/.m2/repository/org/springframework/cloud/spring-cloud-starter-netflix-eureka-server/4.0.3/spring-cloud-starter-netflix-eureka-server-4.0.3.jar:/home/labuser/.m2/repository/org/springframework/cloud/spring-cloud-starter/4.0.4/spring-cloud-starter-4.0.4.jar:/home/labuser/.m2/repository/org/springframework/cloud/spring-cloud-context/4.0.4/spring-cloud-context-4.0.4.jar:/home/labuser/.m2/repository/org/springframework/security/spring-security-crypto/6.1.7/spring-security-crypto-6.1.7.jar:/home/labuser/.m2/repository/org/springframework/cloud/spring-cloud-commons/4.0.4/spring-cloud-commons-4.0.4.jar:/home/labuser/.m2/repository/org/springframework/security/spring-security-rsa/1.0.12.RELEASE/spring-security-rsa-1.0.12.RELEASE.jar:/home/labuser/.m2/repository/org/bouncycastle/bcpkix-jdk18on/1.73/bcpkix-jdk18on-1.73.jar:/home/labuser/.m2/repository/org/bouncycastle/bcprov-jdk18on/1.73/bcprov-jdk18on-1.73.jar:/home/labuser/.m2/repository/org/bouncycastle/bcutil-jdk18on/1.73/bcutil-jdk18on-1.73.jar:/home/labuser/.m2/repository/org/springframework/cloud/spring-cloud-netflix-eureka-server/4.0.3/spring-cloud-netflix-eureka-server-4.0.3.jar:/home/labuser/.m2/repository/org/springframework/boot/spring-boot-starter-web/3.1.9/spring-boot-starter-web-3.1.9.jar:/home/labuser/.m2/repository/org/springframework/boot/spring-boot-starter-json/3.1.9/spring-boot-starter-json-3.1.9.jar:/home/labuser/.m2/repository/com/fasterxml/jackson/datatype/jackson-datatype-jdk8/2.15.4/jackson-datatype-jdk8-2.15.4.jar:/home/labuser/.m2/repository/com/fasterxml/jackson/datatype/jackson-datatype-jsr310/2.15.4/jackson-datatype-jsr310-2.15.4.jar:/home/labuser/.m2/repository/com/fasterxml/jackson/module/jackson-module-parameter-names/2.15.4/jackson-module-parameter-names-2.15.4.jar:/home/labuser/.m2/repository/org/springframework/boot/spring-boot-starter-tomcat/3.1.9/spring-boot-starter-tomcat-3.1.9.jar:/home/labuser/.m2/repository/org/apache/tomcat/embed/tomcat-embed-core/10.1.19/tomcat-embed-core-10.1.19.jar:/home/labuser/.m2/repository/org/apache/tomcat/embed/tomcat-embed-el/10.1.19/tomcat-embed-el-10.1.19.jar:/home/labuser/.m2/repository/org/apache/tomcat/embed/tomcat-embed-websocket/10.1.19/tomcat-embed-websocket-10.1.19.jar:/home/labuser/.m2/repository/org/springframework/spring-web/6.0.17/spring-web-6.0.17.jar:/home/labuser/.m2/repository/org/springframework/spring-webmvc/6.0.17/spring-webmvc-6.0.17.jar:/home/labuser/.m2/repository/org/springframework/boot/spring-boot-starter-actuator/3.1.9/spring-boot-starter-actuator-3.1.9.jar:/home/labuser/.m2/repository/org/springframework/boot/spring-boot-actuator-autoconfigure/3.1.9/spring-boot-actuator-autoconfigure-3.1.9.jar:/home/labuser/.m2/repository/org/springframework/boot/spring-boot-actuator/3.1.9/spring-boot-actuator-3.1.9.jar:/home/labuser/.m2/repository/io/micrometer/micrometer-observation/1.11.9/micrometer-observation-1.11.9.jar:/home/labuser/.m2/repository/io/micrometer/micrometer-commons/1.11.9/micrometer-commons-1.11.9.jar:/home/labuser/.m2/repository/io/micrometer/micrometer-core/1.11.9/micrometer-core-1.11.9.jar:/home/labuser/.m2/repository/org/hdrhistogram/HdrHistogram/2.1.12/HdrHistogram-2.1.12.jar:/home/labuser/.m2/repository/org/latencyutils/LatencyUtils/2.0.3/LatencyUtils-2.0.3.jar:/home/labuser/.m2/repository/org/springframework/boot/spring-boot-starter-freemarker/3.1.9/spring-boot-starter-freemarker-3.1.9.jar:/home/labuser/.m2/repository/org/freemarker/freemarker/2.3.32/freemarker-2.3.32.jar:/home/labuser/.m2/repository/org/springframework/spring-context-support/6.0.17/spring-context-support-6.0.17.jar:/home/labuser/.m2/repository/org/springframework/cloud/spring-cloud-netflix-eureka-client/4.0.3/spring-cloud-netflix-eureka-client-4.0.3.jar:/home/labuser/.m2/repository/com/netflix/eureka/eureka-client/2.0.1/eureka-client-2.0.1.jar:/home/labuser/.m2/repository/com/netflix/netflix-commons/netflix-eventbus/0.3.0/netflix-eventbus-0.3.0.jar:/home/labuser/.m2/repository/com/netflix/netflix-commons/netflix-infix/0.3.0/netflix-infix-0.3.0.jar:/home/labuser/.m2/repository/commons-jxpath/commons-jxpath/1.3/commons-jxpath-1.3.jar:/home/labuser/.m2/repository/joda-time/joda-time/2.3/joda-time-2.3.jar:/home/labuser/.m2/repository/org/antlr/antlr-runtime/3.4/antlr-runtime-3.4.jar:/home/labuser/.m2/repository/org/antlr/stringtemplate/3.2.1/stringtemplate-3.2.1.jar:/home/labuser/.m2/repository/antlr/antlr/2.7.7/antlr-2.7.7.jar:/home/labuser/.m2/repository/com/google/code/gson/gson/2.10.1/gson-2.10.1.jar:/home/labuser/.m2/repository/org/apache/commons/commons-math/2.2/commons-math-2.2.jar:/home/labuser/.m2/repository/com/thoughtworks/xstream/xstream/1.4.19/xstream-1.4.19.jar:/home/labuser/.m2/repository/io/github/x-stream/mxparser/1.2.2/mxparser-1.2.2.jar:/home/labuser/.m2/repository/xmlpull/xmlpull/1.1.3.1/xmlpull-1.1.3.1.jar:/home/labuser/.m2/repository/com/netflix/servo/servo-core/0.12.21/servo-core-0.12.21.jar:/home/labuser/.m2/repository/com/google/guava/guava/19.0/guava-19.0.jar:/home/labuser/.m2/repository/org/apache/httpcomponents/httpclient/4.5.3/httpclient-4.5.3.jar:/home/labuser/.m2/repository/org/apache/httpcomponents/httpcore/4.4.16/httpcore-4.4.16.jar:/home/labuser/.m2/repository/commons-codec/commons-codec/1.15/commons-codec-1.15.jar:/home/labuser/.m2/repository/commons-configuration/commons-configuration/1.10/commons-configuration-1.10.jar:/home/labuser/.m2/repository/commons-lang/commons-lang/2.6/commons-lang-2.6.jar:/home/labuser/.m2/repository/org/codehaus/jettison/jettison/1.4.0/jettison-1.4.0.jar:/home/labuser/.m2/repository/org/apache/httpcomponents/client5/httpclient5/5.2.3/httpclient5-5.2.3.jar:/home/labuser/.m2/repository/org/apache/httpcomponents/core5/httpcore5/5.2.4/httpcore5-5.2.4.jar:/home/labuser/.m2/repository/org/apache/httpcomponents/core5/httpcore5-h2/5.2.4/httpcore5-h2-5.2.4.jar:/home/labuser/.m2/repository/com/netflix/eureka/eureka-client-jersey3/2.0.1/eureka-client-jersey3-2.0.1.jar:/home/labuser/.m2/repository/org/glassfish/jersey/connectors/jersey-apache-connector/3.1.5/jersey-apache-connector-3.1.5.jar:/home/labuser/.m2/repository/com/netflix/eureka/eureka-core-jersey3/2.0.1/eureka-core-jersey3-2.0.1.jar:/home/labuser/.m2/repository/com/netflix/eureka/eureka-core/2.0.1/eureka-core-2.0.1.jar:/home/labuser/.m2/repository/jakarta/servlet/jakarta.servlet-api/6.0.0/jakarta.servlet-api-6.0.0.jar:/home/labuser/.m2/repository/org/glassfish/jersey/containers/jersey-container-servlet/3.1.5/jersey-container-servlet-3.1.5.jar:/home/labuser/.m2/repository/org/glassfish/jersey/containers/jersey-container-servlet-core/3.1.5/jersey-container-servlet-core-3.1.5.jar:/home/labuser/.m2/repository/org/glassfish/jersey/core/jersey-common/3.1.5/jersey-common-3.1.5.jar:/home/labuser/.m2/repository/org/glassfish/hk2/osgi-resource-locator/1.0.3/osgi-resource-locator-1.0.3.jar:/home/labuser/.m2/repository/jakarta/ws/rs/jakarta.ws.rs-api/3.1.0/jakarta.ws.rs-api-3.1.0.jar:/home/labuser/.m2/repository/org/glassfish/jersey/core/jersey-server/3.1.5/jersey-server-3.1.5.jar:/home/labuser/.m2/repository/jakarta/validation/jakarta.validation-api/3.0.2/jakarta.validation-api-3.0.2.jar:/home/labuser/.m2/repository/org/glassfish/jersey/core/jersey-client/3.1.5/jersey-client-3.1.5.jar:/home/labuser/.m2/repository/org/glassfish/jersey/inject/jersey-hk2/3.1.5/jersey-hk2-3.1.5.jar:/home/labuser/.m2/repository/org/glassfish/hk2/hk2-locator/3.0.5/hk2-locator-3.0.5.jar:/home/labuser/.m2/repository/org/glassfish/hk2/external/aopalliance-repackaged/3.0.5/aopalliance-repackaged-3.0.5.jar:/home/labuser/.m2/repository/org/glassfish/hk2/hk2-utils/3.0.5/hk2-utils-3.0.5.jar:/home/labuser/.m2/repository/org/javassist/javassist/3.29.2-GA/javassist-3.29.2-GA.jar:/home/labuser/.m2/repository/org/glassfish/hk2/spring-bridge/3.0.3/spring-bridge-3.0.3.jar:/home/labuser/.m2/repository/org/glassfish/hk2/hk2-api/3.0.3/hk2-api-3.0.3.jar:/home/labuser/.m2/repository/jakarta/inject/jakarta.inject-api/2.0.1/jakarta.inject-api-2.0.1.jar:/home/labuser/.m2/repository/com/fasterxml/jackson/dataformat/jackson-dataformat-xml/2.15.4/jackson-dataformat-xml-2.15.4.jar:/home/labuser/.m2/repository/com/fasterxml/jackson/core/jackson-core/2.15.4/jackson-core-2.15.4.jar:/home/labuser/.m2/repository/com/fasterxml/jackson/core/jackson-annotations/2.15.4/jackson-annotations-2.15.4.jar:/home/labuser/.m2/repository/com/fasterxml/jackson/core/jackson-databind/2.15.4/jackson-databind-2.15.4.jar:/home/labuser/.m2/repository/org/codehaus/woodstox/stax2-api/4.2.1/stax2-api-4.2.1.jar:/home/labuser/.m2/repository/com/fasterxml/woodstox/woodstox-core/6.5.1/woodstox-core-6.5.1.jar:/home/labuser/.m2/repository/org/springframework/cloud/spring-cloud-starter-loadbalancer/4.0.4/spring-cloud-starter-loadbalancer-4.0.4.jar:/home/labuser/.m2/repository/org/springframework/cloud/spring-cloud-loadbalancer/4.0.4/spring-cloud-loadbalancer-4.0.4.jar:/home/labuser/.m2/repository/io/projectreactor/reactor-core/3.5.14/reactor-core-3.5.14.jar:/home/labuser/.m2/repository/org/reactivestreams/reactive-streams/1.0.4/reactive-streams-1.0.4.jar:/home/labuser/.m2/repository/io/projectreactor/addons/reactor-extra/3.5.1/reactor-extra-3.5.1.jar:/home/labuser/.m2/repository/org/springframework/boot/spring-boot-starter-cache/3.1.9/spring-boot-starter-cache-3.1.9.jar:/home/labuser/.m2/repository/com/stoyanr/evictor/1.0.0/evictor-1.0.0.jar:/home/labuser/.m2/repository/org/glassfish/jaxb/jaxb-runtime/4.0.4/jaxb-runtime-4.0.4.jar:/home/labuser/.m2/repository/org/glassfish/jaxb/jaxb-core/4.0.4/jaxb-core-4.0.4.jar:/home/labuser/.m2/repository/jakarta/xml/bind/jakarta.xml.bind-api/4.0.1/jakarta.xml.bind-api-4.0.1.jar:/home/labuser/.m2/repository/jakarta/activation/jakarta.activation-api/2.1.2/jakarta.activation-api-2.1.2.jar:/home/labuser/.m2/repository/org/eclipse/angus/angus-activation/2.0.1/angus-activation-2.0.1.jar:/home/labuser/.m2/repository/org/glassfish/jaxb/txw2/4.0.4/txw2-4.0.4.jar:/home/labuser/.m2/repository/com/sun/istack/istack-commons-runtime/4.1.2/istack-commons-runtime-4.1.2.jar:/home/labuser/.m2/repository/org/springframework/boot/spring-boot-starter/3.1.9/spring-boot-starter-3.1.9.jar:/home/labuser/.m2/repository/org/springframework/boot/spring-boot/3.1.9/spring-boot-3.1.9.jar:/home/labuser/.m2/repository/org/springframework/spring-context/6.0.17/spring-context-6.0.17.jar:/home/labuser/.m2/repository/org/springframework/spring-aop/6.0.17/spring-aop-6.0.17.jar:/home/labuser/.m2/repository/org/springframework/spring-beans/6.0.17/spring-beans-6.0.17.jar:/home/labuser/.m2/repository/org/springframework/spring-expression/6.0.17/spring-expression-6.0.17.jar:/home/labuser/.m2/repository/org/springframework/boot/spring-boot-autoconfigure/3.1.9/spring-boot-autoconfigure-3.1.9.jar:/home/labuser/.m2/repository/org/springframework/boot/spring-boot-starter-logging/3.1.9/spring-boot-starter-logging-3.1.9.jar:/home/labuser/.m2/repository/ch/qos/logback/logback-classic/1.4.14/logback-classic-1.4.14.jar:/home/labuser/.m2/repository/ch/qos/logback/logback-core/1.4.14/logback-core-1.4.14.jar:/home/labuser/.m2/repository/org/slf4j/slf4j-api/2.0.12/slf4j-api-2.0.12.jar:/home/labuser/.m2/repository/org/apache/logging/log4j/log4j-to-slf4j/2.20.0/log4j-to-slf4j-2.20.0.jar:/home/labuser/.m2/repository/org/apache/logging/log4j/log4j-api/2.20.0/log4j-api-2.20.0.jar:/home/labuser/.m2/repository/org/slf4j/jul-to-slf4j/2.0.12/jul-to-slf4j-2.0.12.jar:/home/labuser/.m2/repository/jakarta/annotation/jakarta.annotation-api/2.1.1/jakarta.annotation-api-2.1.1.jar:/home/labuser/.m2/repository/org/springframework/spring-core/6.0.17/spring-core-6.0.17.jar:/home/labuser/.m2/repository/org/springframework/spring-jcl/6.0.17/spring-jcl-6.0.17.jar:/home/labuser/.m2/repository/org/yaml/snakeyaml/1.33/snakeyaml-1.33.jar:/home/labuser/.m2/repository/junit/junit/3.8.1/junit-3.8.1.jar:"/>
    <property name="sun.cpu.endian" value="little"/>
    <property name="user.home" value="/home/labuser"/>
    <property name="user.language" value="en"/>
    <property name="java.specification.vendor" value="Oracle Corporation"/>
    <property name="java.version.date" value="2025-04-15"/>
    <property name="java.home" value="/usr/lib/jvm/java-17-openjdk-amd64"/>
    <property name="file.separator" value="/"/>
    <property name="basedir" value="/home/labuser/Demo/TCSKart/eureka-server"/>
    <property name="java.vm.compressedOopsMode" value="Zero based"/>
    <property name="line.separator" value="&#10;"/>
    <property name="java.vm.specification.vendor" value="Oracle Corporation"/>
    <property name="java.specification.name" value="Java Platform API Specification"/>
    <property name="surefire.real.class.path" value="/home/labuser/Demo/TCSKart/eureka-server/target/surefire/surefirebooter-20250701104718096_3.jar"/>
    <property name="sun.management.compiler" value="HotSpot 64-Bit Tiered Compilers"/>
    <property name="java.runtime.version" value="17.0.15+6-Ubuntu-0ubuntu122.04"/>
    <property name="user.name" value="labuser"/>
    <property name="path.separator" value=":"/>
    <property name="os.version" value="6.8.0-1030-aws"/>
    <property name="java.runtime.name" value="OpenJDK Runtime Environment"/>
    <property name="file.encoding" value="UTF-8"/>
    <property name="java.vm.name" value="OpenJDK 64-Bit Server VM"/>
    <property name="localRepository" value="/home/labuser/.m2/repository"/>
    <property name="java.vendor.url.bug" value="https://bugs.launchpad.net/ubuntu/+source/openjdk-17"/>
    <property name="java.io.tmpdir" value="/tmp"/>
    <property name="java.version" value="17.0.15"/>
    <property name="user.dir" value="/home/labuser/Demo/TCSKart/eureka-server"/>
    <property name="os.arch" value="amd64"/>
    <property name="java.vm.specification.name" value="Java Virtual Machine Specification"/>
    <property name="native.encoding" value="UTF-8"/>
    <property name="java.library.path" value="/usr/java/packages/lib:/usr/lib/x86_64-linux-gnu/jni:/lib/x86_64-linux-gnu:/usr/lib/x86_64-linux-gnu:/usr/lib/jni:/lib:/usr/lib"/>
    <property name="java.vm.info" value="mixed mode, sharing"/>
    <property name="java.vendor" value="Ubuntu"/>
    <property name="java.vm.version" value="17.0.15+6-Ubuntu-0ubuntu122.04"/>
    <property name="java.specification.maintenance.version" value="1"/>
    <property name="sun.io.unicode.encoding" value="UnicodeLittle"/>
    <property name="java.class.version" value="61.0"/>
  </properties>
  <testcase name="testApp" classname="org.eureka.server.AppTest" time="0.002"/>
</testsuite>